This file contains any messages produced by compilers while
running configure, to aid debugging if configure makes a mistake.

It was created by httperf configure 0.9.1, which was
generated by GNU Autoconf 2.61.  Invocation command line was

  $ ./configure 

## --------- ##
## Platform. ##
## --------- ##

hostname = Sarveshs-Mac-Pro.local
uname -m = x86_64
uname -r = 11.4.2
uname -s = Darwin
uname -v = Darwin Kernel Version 11.4.2: Thu Aug 23 16:25:48 PDT 2012; root:xnu-1699.32.7~1/RELEASE_X86_64

/usr/bin/uname -p = i386
/bin/uname -X     = unknown

/bin/arch              = unknown
/usr/bin/arch -k       = unknown
/usr/convex/getsysinfo = unknown
/usr/bin/hostinfo      = Mach kernel version:
	 Darwin Kernel Version 11.4.2: Thu Aug 23 16:25:48 PDT 2012; root:xnu-1699.32.7~1/RELEASE_X86_64
Kernel configured for up to 8 processors.
4 processors are physically available.
8 processors are logically available.
Processor type: i486 (Intel 80486)
Processors active: 0 1 2 3 4 5 6 7
Primary memory available: 32.00 gigabytes
Default processor set: 214 tasks, 1168 threads, 8 processors
Load average: 2.77, Mach factor: 5.36
/bin/machine           = unknown
/usr/bin/oslevel       = unknown
/bin/universe          = unknown

PATH: /usr/bin
PATH: /bin
PATH: /usr/sbin
PATH: /sbin
PATH: /usr/local/bin
PATH: /usr/X11/bin
PATH: /Users/sarvesh/.rvm/bin


## ----------- ##
## Core tests. ##
## ----------- ##

configure:1840: checking build system type
configure:1858: result: i386-apple-darwin11.4.2
configure:1880: checking host system type
configure:1895: result: i386-apple-darwin11.4.2
configure:1917: checking target system type
configure:1932: result: i386-apple-darwin11.4.2
configure:1976: checking for a BSD-compatible install
configure:2032: result: /usr/bin/install -c
configure:2043: checking whether build environment is sane
configure:2086: result: yes
configure:2114: checking for a thread-safe mkdir -p
configure:2153: result: ./install-sh -c -d
configure:2166: checking for gawk
configure:2196: result: no
configure:2166: checking for mawk
configure:2196: result: no
configure:2166: checking for nawk
configure:2196: result: no
configure:2166: checking for awk
configure:2182: found /usr/bin/awk
configure:2193: result: awk
configure:2204: checking whether make sets $(MAKE)
configure:2225: result: yes
configure:2475: checking for cc
configure:2491: found /usr/bin/cc
configure:2502: result: cc
configure:2538: checking for C compiler version
configure:2545: cc --version >&5
i686-apple-darwin11-llvm-gcc-4.2 (GCC) 4.2.1 (Based on Apple Inc. build 5658) (LLVM build 2335.15.00)
Copyright (C) 2007 Free Software Foundation, Inc.
This is free software; see the source for copying conditions.  There is NO
warranty; not even for MERCHANTABILITY or FITNESS FOR A PARTICULAR PURPOSE.

configure:2548: $? = 0
configure:2555: cc -v >&5
Using built-in specs.
Target: i686-apple-darwin11
Configured with: /private/var/tmp/llvmgcc42/llvmgcc42-2335.15~25/src/configure --disable-checking --enable-werror --prefix=/Developer/usr/llvm-gcc-4.2 --mandir=/share/man --enable-languages=c,objc,c++,obj-c++ --program-prefix=llvm- --program-transform-name=/^[cg][^.-]*$/s/$/-4.2/ --with-slibdir=/usr/lib --build=i686-apple-darwin11 --enable-llvm=/private/var/tmp/llvmgcc42/llvmgcc42-2335.15~25/dst-llvmCore/Developer/usr/local --program-prefix=i686-apple-darwin11- --host=x86_64-apple-darwin11 --target=i686-apple-darwin11 --with-gxx-include-dir=/usr/include/c++/4.2.1
Thread model: posix
gcc version 4.2.1 (Based on Apple Inc. build 5658) (LLVM build 2335.15.00)
configure:2558: $? = 0
configure:2565: cc -V >&5
llvm-gcc-4.2: argument to `-V' is missing
configure:2568: $? = 1
configure:2591: checking for C compiler default output file name
configure:2618: cc    conftest.c  >&5
configure:2621: $? = 0
configure:2659: result: a.out
configure:2676: checking whether the C compiler works
configure:2686: ./a.out
configure:2689: $? = 0
configure:2706: result: yes
configure:2713: checking whether we are cross compiling
configure:2715: result: no
configure:2718: checking for suffix of executables
configure:2725: cc -o conftest    conftest.c  >&5
configure:2728: $? = 0
configure:2752: result: 
configure:2758: checking for suffix of object files
configure:2784: cc -c   conftest.c >&5
configure:2787: $? = 0
configure:2810: result: o
configure:2814: checking whether we are using the GNU C compiler
configure:2843: cc -c   conftest.c >&5
configure:2849: $? = 0
configure:2866: result: yes
configure:2871: checking whether cc accepts -g
configure:2901: cc -c -g  conftest.c >&5
configure:2907: $? = 0
configure:3006: result: yes
configure:3023: checking for cc option to accept ISO C89
configure:3097: cc  -c -g -O2  conftest.c >&5
configure:3103: $? = 0
configure:3126: result: none needed
configure:3155: checking for style of include used by make
configure:3183: result: GNU
configure:3208: checking dependency style of cc
configure:3299: result: gcc3
configure:3314: checking for cc option to accept ISO C99
configure:3473: cc  -c -g -O2  conftest.c >&5
conftest.c:61: error: expected ';', ',' or ')' before 'text'
conftest.c: In function 'main':
conftest.c:115: error: nested functions are disabled, use -fnested-functions to re-enable
conftest.c:115: error: expected '=', ',', ';', 'asm' or '__attribute__' before 'newvar'
conftest.c:115: error: 'newvar' undeclared (first use in this function)
conftest.c:115: error: (Each undeclared identifier is reported only once
conftest.c:115: error: for each function it appears in.)
conftest.c:125: error: 'for' loop initial declaration used outside C99 mode
configure:3479: $? = 1
configure: failed program was:
| /* confdefs.h.  */
| #define PACKAGE_NAME "httperf"
| #define PACKAGE_TARNAME "httperf"
| #define PACKAGE_VERSION "0.9.1"
| #define PACKAGE_STRING "httperf 0.9.1"
| #define PACKAGE_BUGREPORT "httperf@linux.hpl.hp.com"
| #define PACKAGE "httperf"
| #define VERSION "0.9.1"
| #define _GNU_SOURCE 1
| /* end confdefs.h.  */
| #include <stdarg.h>
| #include <stdbool.h>
| #include <stdlib.h>
| #include <wchar.h>
| #include <stdio.h>
| 
| // Check varargs macros.  These examples are taken from C99 6.10.3.5.
| #define debug(...) fprintf (stderr, __VA_ARGS__)
| #define showlist(...) puts (#__VA_ARGS__)
| #define report(test,...) ((test) ? puts (#test) : printf (__VA_ARGS__))
| static void
| test_varargs_macros (void)
| {
|   int x = 1234;
|   int y = 5678;
|   debug ("Flag");
|   debug ("X = %d\n", x);
|   showlist (The first, second, and third items.);
|   report (x>y, "x is %d but y is %d", x, y);
| }
| 
| // Check long long types.
| #define BIG64 18446744073709551615ull
| #define BIG32 4294967295ul
| #define BIG_OK (BIG64 / BIG32 == 4294967297ull && BIG64 % BIG32 == 0)
| #if !BIG_OK
|   your preprocessor is broken;
| #endif
| #if BIG_OK
| #else
|   your preprocessor is broken;
| #endif
| static long long int bignum = -9223372036854775807LL;
| static unsigned long long int ubignum = BIG64;
| 
| struct incomplete_array
| {
|   int datasize;
|   double data[];
| };
| 
| struct named_init {
|   int number;
|   const wchar_t *name;
|   double average;
| };
| 
| typedef const char *ccp;
| 
| static inline int
| test_restrict (ccp restrict text)
| {
|   // See if C++-style comments work.
|   // Iterate through items via the restricted pointer.
|   // Also check for declarations in for loops.
|   for (unsigned int i = 0; *(text+i) != '\0'; ++i)
|     continue;
|   return 0;
| }
| 
| // Check varargs and va_copy.
| static void
| test_varargs (const char *format, ...)
| {
|   va_list args;
|   va_start (args, format);
|   va_list args_copy;
|   va_copy (args_copy, args);
| 
|   const char *str;
|   int number;
|   float fnumber;
| 
|   while (*format)
|     {
|       switch (*format++)
| 	{
| 	case 's': // string
| 	  str = va_arg (args_copy, const char *);
| 	  break;
| 	case 'd': // int
| 	  number = va_arg (args_copy, int);
| 	  break;
| 	case 'f': // float
| 	  fnumber = va_arg (args_copy, double);
| 	  break;
| 	default:
| 	  break;
| 	}
|     }
|   va_end (args_copy);
|   va_end (args);
| }
| 
| int
| main ()
| {
| 
|   // Check bool.
|   _Bool success = false;
| 
|   // Check restrict.
|   if (test_restrict ("String literal") == 0)
|     success = true;
|   char *restrict newvar = "Another string";
| 
|   // Check varargs.
|   test_varargs ("s, d' f .", "string", 65, 34.234);
|   test_varargs_macros ();
| 
|   // Check flexible array members.
|   struct incomplete_array *ia =
|     malloc (sizeof (struct incomplete_array) + (sizeof (double) * 10));
|   ia->datasize = 10;
|   for (int i = 0; i < ia->datasize; ++i)
|     ia->data[i] = i * 1.234;
| 
|   // Check named initializers.
|   struct named_init ni = {
|     .number = 34,
|     .name = L"Test wide string",
|     .average = 543.34343,
|   };
| 
|   ni.number = 58;
| 
|   int dynamic_array[ni.number];
|   dynamic_array[ni.number - 1] = 543;
| 
|   // work around unused variable warnings
|   return (!success || bignum == 0LL || ubignum == 0uLL || newvar[0] == 'x'
| 	  || dynamic_array[ni.number - 1] != 543);
| 
|   ;
|   return 0;
| }
configure:3473: cc -std=gnu99 -c -g -O2  conftest.c >&5
configure:3479: $? = 0
configure:3509: result: -std=gnu99
configure:3529: checking for a BSD-compatible install
configure:3585: result: /usr/bin/install -c
configure:3642: checking how to print strings
configure:3669: result: printf
configure:3690: checking for a sed that does not truncate output
configure:3769: result: /usr/bin/sed
configure:3787: checking for grep that handles long lines and -e
configure:3861: result: /usr/bin/grep
configure:3866: checking for egrep
configure:3944: result: /usr/bin/grep -E
configure:3949: checking for fgrep
configure:4027: result: /usr/bin/grep -F
configure:4062: checking for ld used by cc -std=gnu99
configure:4129: result: /usr/llvm-gcc-4.2/libexec/gcc/i686-apple-darwin11/4.2.1/ld
configure:4138: checking if the linker (/usr/llvm-gcc-4.2/libexec/gcc/i686-apple-darwin11/4.2.1/ld) is GNU ld
configure:4153: result: no
configure:4165: checking for BSD- or MS-compatible name lister (nm)
configure:4214: result: /usr/bin/nm
configure:4348: checking the name lister (/usr/bin/nm) interface
configure:4355: cc -std=gnu99 -c -g -O2  conftest.c >&5
configure:4358: /usr/bin/nm "conftest.o"
configure:4361: output
000000000000019c S _some_variable
configure:4368: result: BSD nm
configure:4371: checking whether ln -s works
configure:4375: result: yes
configure:4383: checking the maximum length of command line arguments
configure:4508: result: 196608
configure:4525: checking whether the shell understands some XSI constructs
configure:4535: result: yes
configure:4539: checking whether the shell understands "+="
configure:4545: result: yes
configure:4580: checking for /usr/llvm-gcc-4.2/libexec/gcc/i686-apple-darwin11/4.2.1/ld option to reload object files
configure:4587: result: -r
configure:4656: checking for objdump
configure:4686: result: no
configure:4719: checking how to recognize dependent libraries
configure:4921: result: pass_all
configure:4981: checking for ar
configure:4997: found /usr/bin/ar
configure:5008: result: ar
configure:5090: checking for strip
configure:5106: found /usr/bin/strip
configure:5117: result: strip
configure:5193: checking for ranlib
configure:5209: found /usr/bin/ranlib
configure:5220: result: ranlib
configure:5326: checking command to parse /usr/bin/nm output from cc -std=gnu99 object
configure:5444: cc -std=gnu99 -c -g -O2  conftest.c >&5
configure:5447: $? = 0
configure:5451: /usr/bin/nm conftest.o \| sed -n -e 's/^.*[ ]\([BCDEGRST][BCDEGRST]*\)[ ][ ]*\([_A-Za-z][_A-Za-z0-9]*\)$/\1 \2 \2/p' \> conftest.nm
configure:5454: $? = 0
cannot find nm_test_var in conftest.nm
configure:5444: cc -std=gnu99 -c -g -O2  conftest.c >&5
configure:5447: $? = 0
configure:5451: /usr/bin/nm conftest.o \| sed -n -e 's/^.*[ ]\([BCDEGRST][BCDEGRST]*\)[ ][ ]*_\([_A-Za-z][_A-Za-z0-9]*\)$/\1 _\2 \2/p' \> conftest.nm
configure:5454: $? = 0
configure:5508: cc -std=gnu99 -o conftest -g -O2   conftest.c conftstm.o >&5
configure:5511: $? = 0
configure:5549: result: ok
configure:5839: checking for dsymutil
configure:5855: found /usr/bin/dsymutil
configure:5866: result: dsymutil
configure:5935: checking for nmedit
configure:5951: found /usr/bin/nmedit
configure:5962: result: nmedit
configure:6031: checking for lipo
configure:6047: found /usr/bin/lipo
configure:6058: result: lipo
configure:6127: checking for otool
configure:6143: found /usr/bin/otool
configure:6154: result: otool
configure:6223: checking for otool64
configure:6253: result: no
configure:6302: checking for -single_module linker flag
cc -std=gnu99 -g -O2  -o libconftest.dylib -dynamiclib -Wl,-single_module conftest.c
configure:6329: result: yes
configure:6331: checking for -exported_symbols_list linker flag
configure:6361: cc -std=gnu99 -o conftest -g -O2   -Wl,-exported_symbols_list,conftest.sym conftest.c  >&5
configure:6367: $? = 0
configure:6386: result: yes
configure:6388: checking for -force_load linker flag
cc -std=gnu99 -g -O2 -c -o conftest.o conftest.c
ar cru libconftest.a conftest.o
ranlib libconftest.a
cc -std=gnu99 -g -O2  -o conftest conftest.c -Wl,-force_load,./libconftest.a
configure:6418: result: yes
configure:6460: checking how to run the C preprocessor
configure:6500: cc -std=gnu99 -E  conftest.c
configure:6506: $? = 0
configure:6537: cc -std=gnu99 -E  conftest.c
conftest.c:11:28: error: ac_nonexistent.h: No such file or directory
configure:6543: $? = 1
configure: failed program was:
| /* confdefs.h.  */
| #define PACKAGE_NAME "httperf"
| #define PACKAGE_TARNAME "httperf"
| #define PACKAGE_VERSION "0.9.1"
| #define PACKAGE_STRING "httperf 0.9.1"
| #define PACKAGE_BUGREPORT "httperf@linux.hpl.hp.com"
| #define PACKAGE "httperf"
| #define VERSION "0.9.1"
| #define _GNU_SOURCE 1
| /* end confdefs.h.  */
| #include <ac_nonexistent.h>
configure:6576: result: cc -std=gnu99 -E
configure:6605: cc -std=gnu99 -E  conftest.c
configure:6611: $? = 0
configure:6642: cc -std=gnu99 -E  conftest.c
conftest.c:11:28: error: ac_nonexistent.h: No such file or directory
configure:6648: $? = 1
configure: failed program was:
| /* confdefs.h.  */
| #define PACKAGE_NAME "httperf"
| #define PACKAGE_TARNAME "httperf"
| #define PACKAGE_VERSION "0.9.1"
| #define PACKAGE_STRING "httperf 0.9.1"
| #define PACKAGE_BUGREPORT "httperf@linux.hpl.hp.com"
| #define PACKAGE "httperf"
| #define VERSION "0.9.1"
| #define _GNU_SOURCE 1
| /* end confdefs.h.  */
| #include <ac_nonexistent.h>
configure:6686: checking for ANSI C header files
configure:6716: cc -std=gnu99 -c -g -O2  conftest.c >&5
configure:6722: $? = 0
configure:6821: cc -std=gnu99 -o conftest -g -O2   conftest.c  >&5
configure:6824: $? = 0
configure:6830: ./conftest
configure:6833: $? = 0
configure:6850: result: yes
configure:6874: checking for sys/types.h
configure:6895: cc -std=gnu99 -c -g -O2  conftest.c >&5
configure:6901: $? = 0
configure:6917: result: yes
configure:6874: checking for sys/stat.h
configure:6895: cc -std=gnu99 -c -g -O2  conftest.c >&5
configure:6901: $? = 0
configure:6917: result: yes
configure:6874: checking for stdlib.h
configure:6895: cc -std=gnu99 -c -g -O2  conftest.c >&5
configure:6901: $? = 0
configure:6917: result: yes
configure:6874: checking for string.h
configure:6895: cc -std=gnu99 -c -g -O2  conftest.c >&5
configure:6901: $? = 0
configure:6917: result: yes
configure:6874: checking for memory.h
configure:6895: cc -std=gnu99 -c -g -O2  conftest.c >&5
configure:6901: $? = 0
configure:6917: result: yes
configure:6874: checking for strings.h
configure:6895: cc -std=gnu99 -c -g -O2  conftest.c >&5
configure:6901: $? = 0
configure:6917: result: yes
configure:6874: checking for inttypes.h
configure:6895: cc -std=gnu99 -c -g -O2  conftest.c >&5
configure:6901: $? = 0
configure:6917: result: yes
configure:6874: checking for stdint.h
configure:6895: cc -std=gnu99 -c -g -O2  conftest.c >&5
configure:6901: $? = 0
configure:6917: result: yes
configure:6874: checking for unistd.h
configure:6895: cc -std=gnu99 -c -g -O2  conftest.c >&5
configure:6901: $? = 0
configure:6917: result: yes
configure:6933: checking for dlfcn.h
configure:6954: cc -std=gnu99 -c -g -O2  conftest.c >&5
configure:6960: $? = 0
configure:6976: result: yes
configure:7163: checking for objdir
configure:7178: result: .libs
configure:7445: checking if cc -std=gnu99 supports -fno-rtti -fno-exceptions
configure:7463: cc -std=gnu99 -c -g -O2  -fno-rtti -fno-exceptions conftest.c >&5
cc1: warning: command line option "-fno-rtti" is valid for C++/ObjC++ but not for C
configure:7467: $? = 0
configure:7480: result: no
configure:7500: checking for cc -std=gnu99 option to produce PIC
configure:7785: result: -fno-common -DPIC
configure:7797: checking if cc -std=gnu99 PIC flag -fno-common -DPIC works
configure:7815: cc -std=gnu99 -c -g -O2  -fno-common -DPIC -DPIC conftest.c >&5
configure:7819: $? = 0
configure:7832: result: yes
configure:7856: checking if cc -std=gnu99 static flag -static works
configure:7884: result: no
configure:7899: checking if cc -std=gnu99 supports -c -o file.o
configure:7920: cc -std=gnu99 -c -g -O2  -o out/conftest2.o conftest.c >&5
configure:7924: $? = 0
configure:7946: result: yes
configure:7954: checking if cc -std=gnu99 supports -c -o file.o
configure:8001: result: yes
configure:8034: checking whether the cc -std=gnu99 linker (/usr/llvm-gcc-4.2/libexec/gcc/i686-apple-darwin11/4.2.1/ld) supports shared libraries
configure:9185: result: yes
configure:9430: checking dynamic linker characteristics
configure:10135: result: darwin11.4.2 dyld
configure:10242: checking how to hardcode library paths into programs
configure:10267: result: immediate
configure:11092: checking whether stripping libraries is possible
configure:11106: result: yes
configure:11132: checking if libtool supports shared libraries
configure:11134: result: yes
configure:11137: checking whether to build shared libraries
configure:11158: result: yes
configure:11161: checking whether to build static libraries
configure:11165: result: yes
configure:11221: checking for sqrt in -lm
configure:11256: cc -std=gnu99 -o conftest -g -O2   conftest.c -lm   >&5
conftest.c:30: warning: conflicting types for built-in function 'sqrt'
configure:11262: $? = 0
configure:11280: result: yes
configure:11292: checking for main in -lcrypto
configure:11321: cc -std=gnu99 -o conftest -g -O2   conftest.c -lcrypto  -lm  >&5
configure:11327: $? = 0
configure:11345: result: yes
configure:11357: checking for SSL_version in -lssl
configure:11392: cc -std=gnu99 -o conftest -g -O2   conftest.c -lssl  -lcrypto -lm  >&5
configure:11398: $? = 0
configure:11416: result: yes
configure:11431: checking for event_init in -levent
configure:11466: cc -std=gnu99 -o conftest -g -O2   conftest.c -levent  -lssl -lcrypto -lm  >&5
configure:11472: $? = 0
configure:11490: result: yes
configure:11506: checking for library containing getsockopt
configure:11547: cc -std=gnu99 -o conftest -g -O2   conftest.c -levent -lssl -lcrypto -lm  >&5
configure:11553: $? = 0
configure:11581: result: none required
configure:11589: checking for library containing socket
configure:11630: cc -std=gnu99 -o conftest -g -O2   conftest.c -levent -lssl -lcrypto -lm  >&5
configure:11636: $? = 0
configure:11664: result: none required
configure:11672: checking for library containing gethostbyname
configure:11713: cc -std=gnu99 -o conftest -g -O2   conftest.c -levent -lssl -lcrypto -lm  >&5
configure:11719: $? = 0
configure:11747: result: none required
configure:11755: checking for library containing inet_aton
configure:11796: cc -std=gnu99 -o conftest -g -O2   conftest.c -levent -lssl -lcrypto -lm  >&5
configure:11802: $? = 0
configure:11830: result: none required
configure:11842: checking for working alloca.h
configure:11869: cc -std=gnu99 -o conftest -g -O2   conftest.c -levent -lssl -lcrypto -lm  >&5
configure:11875: $? = 0
configure:11892: result: yes
configure:11902: checking for alloca
configure:11949: cc -std=gnu99 -o conftest -g -O2   conftest.c -levent -lssl -lcrypto -lm  >&5
configure:11955: $? = 0
configure:11972: result: yes
configure:12199: checking whether time.h and sys/time.h may both be included
configure:12229: cc -std=gnu99 -c -g -O2  conftest.c >&5
configure:12235: $? = 0
configure:12250: result: yes
configure:12276: checking openssl/ssl.h usability
configure:12293: cc -std=gnu99 -c -g -O2  conftest.c >&5
configure:12299: $? = 0
configure:12313: result: yes
configure:12317: checking openssl/ssl.h presence
configure:12332: cc -std=gnu99 -E  conftest.c
configure:12338: $? = 0
configure:12352: result: yes
configure:12385: checking for openssl/ssl.h
configure:12393: result: yes
configure:12276: checking getopt.h usability
configure:12293: cc -std=gnu99 -c -g -O2  conftest.c >&5
configure:12299: $? = 0
configure:12313: result: yes
configure:12317: checking getopt.h presence
configure:12332: cc -std=gnu99 -E  conftest.c
configure:12338: $? = 0
configure:12352: result: yes
configure:12385: checking for getopt.h
configure:12393: result: yes
configure:12415: checking for an ANSI C-conforming const
configure:12490: cc -std=gnu99 -c -g -O2 -DHAVE_SSL  conftest.c >&5
configure:12496: $? = 0
configure:12511: result: yes
configure:12521: checking for size_t
configure:12551: cc -std=gnu99 -c -g -O2 -DHAVE_SSL  conftest.c >&5
configure:12557: $? = 0
configure:12572: result: yes
configure:12584: checking for ssize_t
configure:12614: cc -std=gnu99 -c -g -O2 -DHAVE_SSL  conftest.c >&5
configure:12620: $? = 0
configure:12635: result: yes
configure:12647: checking for u_char
configure:12677: cc -std=gnu99 -c -g -O2 -DHAVE_SSL  conftest.c >&5
configure:12683: $? = 0
configure:12698: result: yes
configure:12710: checking for u_short
configure:12740: cc -std=gnu99 -c -g -O2 -DHAVE_SSL  conftest.c >&5
configure:12746: $? = 0
configure:12761: result: yes
configure:12773: checking for u_int
configure:12803: cc -std=gnu99 -c -g -O2 -DHAVE_SSL  conftest.c >&5
configure:12809: $? = 0
configure:12824: result: yes
configure:12836: checking for u_long
configure:12866: cc -std=gnu99 -c -g -O2 -DHAVE_SSL  conftest.c >&5
configure:12872: $? = 0
configure:12887: result: yes
configure:12902: checking for unsigned long long int
configure:12933: cc -std=gnu99 -o conftest -g -O2 -DHAVE_SSL   conftest.c -levent -lssl -lcrypto -lm  >&5
configure:12939: $? = 0
configure:12956: result: yes
configure:13031: checking for u_wide
configure:13061: cc -std=gnu99 -c -g -O2 -DHAVE_SSL  conftest.c >&5
conftest.c:66: error: expected '=', ',', ';', 'asm' or '__attribute__' before 'ac__type_new_'
conftest.c: In function 'main':
conftest.c:70: error: 'ac__type_new_' undeclared (first use in this function)
conftest.c:70: error: (Each undeclared identifier is reported only once
conftest.c:70: error: for each function it appears in.)
conftest.c:70: error: expected expression before ')' token
configure:13067: $? = 1
configure: failed program was:
| /* confdefs.h.  */
| #define PACKAGE_NAME "httperf"
| #define PACKAGE_TARNAME "httperf"
| #define PACKAGE_VERSION "0.9.1"
| #define PACKAGE_STRING "httperf 0.9.1"
| #define PACKAGE_BUGREPORT "httperf@linux.hpl.hp.com"
| #define PACKAGE "httperf"
| #define VERSION "0.9.1"
| #define _GNU_SOURCE 1
| #define STDC_HEADERS 1
| #define HAVE_SYS_TYPES_H 1
| #define HAVE_SYS_STAT_H 1
| #define HAVE_STDLIB_H 1
| #define HAVE_STRING_H 1
| #define HAVE_MEMORY_H 1
| #define HAVE_STRINGS_H 1
| #define HAVE_INTTYPES_H 1
| #define HAVE_STDINT_H 1
| #define HAVE_UNISTD_H 1
| #define HAVE_DLFCN_H 1
| #define LT_OBJDIR ".libs/"
| #define HAVE_LIBM 1
| #define HAVE_LIBCRYPTO 1
| #define HAVE_LIBSSL 1
| #define HAVE_LIBEVENT 1
| #define HAVE_ALLOCA_H 1
| #define HAVE_ALLOCA 1
| #define TIME_WITH_SYS_TIME 1
| #define HAVE_OPENSSL_SSL_H 1
| #define HAVE_GETOPT_H 1
| #define HAVE_UNSIGNED_LONG_LONG_INT 1
| /* end confdefs.h.  */
| #include <stdio.h>
| #ifdef HAVE_SYS_TYPES_H
| # include <sys/types.h>
| #endif
| #ifdef HAVE_SYS_STAT_H
| # include <sys/stat.h>
| #endif
| #ifdef STDC_HEADERS
| # include <stdlib.h>
| # include <stddef.h>
| #else
| # ifdef HAVE_STDLIB_H
| #  include <stdlib.h>
| # endif
| #endif
| #ifdef HAVE_STRING_H
| # if !defined STDC_HEADERS && defined HAVE_MEMORY_H
| #  include <memory.h>
| # endif
| # include <string.h>
| #endif
| #ifdef HAVE_STRINGS_H
| # include <strings.h>
| #endif
| #ifdef HAVE_INTTYPES_H
| # include <inttypes.h>
| #endif
| #ifdef HAVE_STDINT_H
| # include <stdint.h>
| #endif
| #ifdef HAVE_UNISTD_H
| # include <unistd.h>
| #endif
| typedef u_wide ac__type_new_;
| int
| main ()
| {
| if ((ac__type_new_ *) 0)
|   return 0;
| if (sizeof (ac__type_new_))
|   return 0;
|   ;
|   return 0;
| }
configure:13082: result: no
configure:13103: checking for stdlib.h
configure:13109: result: yes
configure:13103: checking for unistd.h
configure:13109: result: yes
configure:13247: checking for getpagesize
configure:13303: cc -std=gnu99 -o conftest -g -O2 -DHAVE_SSL   conftest.c -levent -lssl -lcrypto -lm  >&5
configure:13309: $? = 0
configure:13327: result: yes
configure:13337: checking for working mmap
configure:13484: cc -std=gnu99 -o conftest -g -O2 -DHAVE_SSL   conftest.c -levent -lssl -lcrypto -lm  >&5
configure:13487: $? = 0
configure:13493: ./conftest
configure:13496: $? = 0
configure:13512: result: yes
configure:13539: checking sys/select.h usability
configure:13556: cc -std=gnu99 -c -g -O2 -DHAVE_SSL  conftest.c >&5
configure:13562: $? = 0
configure:13576: result: yes
configure:13580: checking sys/select.h presence
configure:13595: cc -std=gnu99 -E  conftest.c
configure:13601: $? = 0
configure:13615: result: yes
configure:13648: checking for sys/select.h
configure:13656: result: yes
configure:13539: checking sys/socket.h usability
configure:13556: cc -std=gnu99 -c -g -O2 -DHAVE_SSL  conftest.c >&5
configure:13562: $? = 0
configure:13576: result: yes
configure:13580: checking sys/socket.h presence
configure:13595: cc -std=gnu99 -E  conftest.c
configure:13601: $? = 0
configure:13615: result: yes
configure:13648: checking for sys/socket.h
configure:13656: result: yes
configure:13669: checking types of arguments for select
configure:13707: cc -std=gnu99 -c -g -O2 -DHAVE_SSL  conftest.c >&5
configure:13713: $? = 0
configure:13734: result: int,fd_set *,struct timeval *
configure:13757: checking return type of signal handlers
configure:13785: cc -std=gnu99 -c -g -O2 -DHAVE_SSL  conftest.c >&5
conftest.c: In function 'main':
conftest.c:49: error: void value not ignored as it ought to be
configure:13791: $? = 1
configure: failed program was:
| /* confdefs.h.  */
| #define PACKAGE_NAME "httperf"
| #define PACKAGE_TARNAME "httperf"
| #define PACKAGE_VERSION "0.9.1"
| #define PACKAGE_STRING "httperf 0.9.1"
| #define PACKAGE_BUGREPORT "httperf@linux.hpl.hp.com"
| #define PACKAGE "httperf"
| #define VERSION "0.9.1"
| #define _GNU_SOURCE 1
| #define STDC_HEADERS 1
| #define HAVE_SYS_TYPES_H 1
| #define HAVE_SYS_STAT_H 1
| #define HAVE_STDLIB_H 1
| #define HAVE_STRING_H 1
| #define HAVE_MEMORY_H 1
| #define HAVE_STRINGS_H 1
| #define HAVE_INTTYPES_H 1
| #define HAVE_STDINT_H 1
| #define HAVE_UNISTD_H 1
| #define HAVE_DLFCN_H 1
| #define LT_OBJDIR ".libs/"
| #define HAVE_LIBM 1
| #define HAVE_LIBCRYPTO 1
| #define HAVE_LIBSSL 1
| #define HAVE_LIBEVENT 1
| #define HAVE_ALLOCA_H 1
| #define HAVE_ALLOCA 1
| #define TIME_WITH_SYS_TIME 1
| #define HAVE_OPENSSL_SSL_H 1
| #define HAVE_GETOPT_H 1
| #define HAVE_UNSIGNED_LONG_LONG_INT 1
| #define u_wide unsigned long long
| #define HAVE_STDLIB_H 1
| #define HAVE_UNISTD_H 1
| #define HAVE_GETPAGESIZE 1
| #define HAVE_MMAP 1
| #define HAVE_SYS_SELECT_H 1
| #define HAVE_SYS_SOCKET_H 1
| #define SELECT_TYPE_ARG1 int
| #define SELECT_TYPE_ARG234 (fd_set *)
| #define SELECT_TYPE_ARG5 (struct timeval *)
| /* end confdefs.h.  */
| #include <sys/types.h>
| #include <signal.h>
| 
| int
| main ()
| {
| return *(signal (0, 0)) (0) == 1;
|   ;
|   return 0;
| }
configure:13806: result: void
configure:13814: checking for working strtod
configure:13865: cc -std=gnu99 -o conftest -g -O2 -DHAVE_SSL   conftest.c -levent -lssl -lcrypto -lm  >&5
configure:13868: $? = 0
configure:13874: ./conftest
configure:13877: $? = 0
configure:13893: result: yes
configure:14061: checking for vprintf
configure:14117: cc -std=gnu99 -o conftest -g -O2 -DHAVE_SSL   conftest.c -levent -lssl -lcrypto -lm  >&5
conftest.c:67: warning: conflicting types for built-in function 'vprintf'
configure:14123: $? = 0
configure:14141: result: yes
configure:14148: checking for _doprnt
configure:14204: cc -std=gnu99 -o conftest -g -O2 -DHAVE_SSL   conftest.c -levent -lssl -lcrypto -lm  >&5
Undefined symbols for architecture x86_64:
  "__doprnt", referenced from:
      _main in ccm3q5cL.o
ld: symbol(s) not found for architecture x86_64
collect2: ld returned 1 exit status
configure:14210: $? = 1
configure: failed program was:
| /* confdefs.h.  */
| #define PACKAGE_NAME "httperf"
| #define PACKAGE_TARNAME "httperf"
| #define PACKAGE_VERSION "0.9.1"
| #define PACKAGE_STRING "httperf 0.9.1"
| #define PACKAGE_BUGREPORT "httperf@linux.hpl.hp.com"
| #define PACKAGE "httperf"
| #define VERSION "0.9.1"
| #define _GNU_SOURCE 1
| #define STDC_HEADERS 1
| #define HAVE_SYS_TYPES_H 1
| #define HAVE_SYS_STAT_H 1
| #define HAVE_STDLIB_H 1
| #define HAVE_STRING_H 1
| #define HAVE_MEMORY_H 1
| #define HAVE_STRINGS_H 1
| #define HAVE_INTTYPES_H 1
| #define HAVE_STDINT_H 1
| #define HAVE_UNISTD_H 1
| #define HAVE_DLFCN_H 1
| #define LT_OBJDIR ".libs/"
| #define HAVE_LIBM 1
| #define HAVE_LIBCRYPTO 1
| #define HAVE_LIBSSL 1
| #define HAVE_LIBEVENT 1
| #define HAVE_ALLOCA_H 1
| #define HAVE_ALLOCA 1
| #define TIME_WITH_SYS_TIME 1
| #define HAVE_OPENSSL_SSL_H 1
| #define HAVE_GETOPT_H 1
| #define HAVE_UNSIGNED_LONG_LONG_INT 1
| #define u_wide unsigned long long
| #define HAVE_STDLIB_H 1
| #define HAVE_UNISTD_H 1
| #define HAVE_GETPAGESIZE 1
| #define HAVE_MMAP 1
| #define HAVE_SYS_SELECT_H 1
| #define HAVE_SYS_SOCKET_H 1
| #define SELECT_TYPE_ARG1 int
| #define SELECT_TYPE_ARG234 (fd_set *)
| #define SELECT_TYPE_ARG5 (struct timeval *)
| #define RETSIGTYPE void
| #define HAVE_VPRINTF 1
| /* end confdefs.h.  */
| /* Define _doprnt to an innocuous variant, in case <limits.h> declares _doprnt.
|    For example, HP-UX 11i <limits.h> declares gettimeofday.  */
| #define _doprnt innocuous__doprnt
| 
| /* System header to define __stub macros and hopefully few prototypes,
|     which can conflict with char _doprnt (); below.
|     Prefer <limits.h> to <assert.h> if __STDC__ is defined, since
|     <limits.h> exists even on freestanding compilers.  */
| 
| #ifdef __STDC__
| # include <limits.h>
| #else
| # include <assert.h>
| #endif
| 
| #undef _doprnt
| 
| /* Override any GCC internal prototype to avoid an error.
|    Use char because int might match the return type of a GCC
|    builtin and then its argument prototype would still apply.  */
| #ifdef __cplusplus
| extern "C"
| #endif
| char _doprnt ();
| /* The GNU C library defines this for functions which it implements
|     to always fail with ENOSYS.  Some functions are actually named
|     something starting with __ and the normal name is an alias.  */
| #if defined __stub__doprnt || defined __stub____doprnt
| choke me
| #endif
| 
| int
| main ()
| {
| return _doprnt ();
|   ;
|   return 0;
| }
configure:14227: result: no
configure:14245: checking for getopt_long
configure:14301: cc -std=gnu99 -o conftest -g -O2 -DHAVE_SSL   conftest.c -levent -lssl -lcrypto -lm  >&5
configure:14307: $? = 0
configure:14325: result: yes
configure:14470: creating ./config.status

## ---------------------- ##
## Running config.status. ##
## ---------------------- ##

This file was extended by httperf config.status 0.9.1, which was
generated by GNU Autoconf 2.61.  Invocation command line was

  CONFIG_FILES    = 
  CONFIG_HEADERS  = 
  CONFIG_LINKS    = 
  CONFIG_COMMANDS = 
  $ ./config.status 

on Sarveshs-Mac-Pro.local

config.status:861: creating Makefile
config.status:861: creating man/Makefile
config.status:861: creating src/stat/Makefile
config.status:861: creating src/lib/Makefile
config.status:861: creating src/gen/Makefile
config.status:861: creating src/Makefile
config.status:861: creating config.h
config.status:1113: config.h is unchanged
config.status:1159: executing depfiles commands
config.status:1159: executing libtool commands

## ---------------- ##
## Cache variables. ##
## ---------------- ##

ac_cv_build=i386-apple-darwin11.4.2
ac_cv_c_compiler_gnu=yes
ac_cv_c_const=yes
ac_cv_env_CC_set=
ac_cv_env_CC_value=
ac_cv_env_CFLAGS_set=
ac_cv_env_CFLAGS_value=
ac_cv_env_CPPFLAGS_set=
ac_cv_env_CPPFLAGS_value=
ac_cv_env_CPP_set=
ac_cv_env_CPP_value=
ac_cv_env_LDFLAGS_set=
ac_cv_env_LDFLAGS_value=
ac_cv_env_LIBS_set=
ac_cv_env_LIBS_value=
ac_cv_env_build_alias_set=
ac_cv_env_build_alias_value=
ac_cv_env_host_alias_set=
ac_cv_env_host_alias_value=
ac_cv_env_target_alias_set=
ac_cv_env_target_alias_value=
ac_cv_func__doprnt=no
ac_cv_func_alloca_works=yes
ac_cv_func_getopt_long=yes
ac_cv_func_getpagesize=yes
ac_cv_func_mmap_fixed_mapped=yes
ac_cv_func_select_args='int,fd_set *,struct timeval *'
ac_cv_func_strtod=yes
ac_cv_func_vprintf=yes
ac_cv_header_dlfcn_h=yes
ac_cv_header_getopt_h=yes
ac_cv_header_inttypes_h=yes
ac_cv_header_memory_h=yes
ac_cv_header_openssl_ssl_h=yes
ac_cv_header_stdc=yes
ac_cv_header_stdint_h=yes
ac_cv_header_stdlib_h=yes
ac_cv_header_string_h=yes
ac_cv_header_strings_h=yes
ac_cv_header_sys_select_h=yes
ac_cv_header_sys_socket_h=yes
ac_cv_header_sys_stat_h=yes
ac_cv_header_sys_types_h=yes
ac_cv_header_time=yes
ac_cv_header_unistd_h=yes
ac_cv_host=i386-apple-darwin11.4.2
ac_cv_lib_crypto_main=yes
ac_cv_lib_event_event_init=yes
ac_cv_lib_m_sqrt=yes
ac_cv_lib_ssl_SSL_version=yes
ac_cv_objext=o
ac_cv_path_EGREP='/usr/bin/grep -E'
ac_cv_path_FGREP='/usr/bin/grep -F'
ac_cv_path_GREP=/usr/bin/grep
ac_cv_path_SED=/usr/bin/sed
ac_cv_path_install='/usr/bin/install -c'
ac_cv_prog_AWK=awk
ac_cv_prog_CPP='cc -std=gnu99 -E'
ac_cv_prog_ac_ct_AR=ar
ac_cv_prog_ac_ct_CC=cc
ac_cv_prog_ac_ct_DSYMUTIL=dsymutil
ac_cv_prog_ac_ct_LIPO=lipo
ac_cv_prog_ac_ct_NMEDIT=nmedit
ac_cv_prog_ac_ct_OTOOL=otool
ac_cv_prog_ac_ct_RANLIB=ranlib
ac_cv_prog_ac_ct_STRIP=strip
ac_cv_prog_cc_c89=
ac_cv_prog_cc_c99=-std=gnu99
ac_cv_prog_cc_g=yes
ac_cv_prog_make_make_set=yes
ac_cv_search_gethostbyname='none required'
ac_cv_search_getsockopt='none required'
ac_cv_search_inet_aton='none required'
ac_cv_search_socket='none required'
ac_cv_target=i386-apple-darwin11.4.2
ac_cv_type_signal=void
ac_cv_type_size_t=yes
ac_cv_type_ssize_t=yes
ac_cv_type_u_char=yes
ac_cv_type_u_int=yes
ac_cv_type_u_long=yes
ac_cv_type_u_short=yes
ac_cv_type_u_wide=no
ac_cv_type_unsigned_long_long_int=yes
ac_cv_working_alloca_h=yes
am_cv_CC_dependencies_compiler_type=gcc3
lt_cv_apple_cc_single_mod=yes
lt_cv_deplibs_check_method=pass_all
lt_cv_file_magic_cmd='$MAGIC_CMD'
lt_cv_file_magic_test_file=
lt_cv_ld_exported_symbols_list=yes
lt_cv_ld_force_load=yes
lt_cv_ld_reload_flag=-r
lt_cv_nm_interface='BSD nm'
lt_cv_objdir=.libs
lt_cv_path_LD=/usr/llvm-gcc-4.2/libexec/gcc/i686-apple-darwin11/4.2.1/ld
lt_cv_path_NM=/usr/bin/nm
lt_cv_prog_compiler_c_o=yes
lt_cv_prog_compiler_pic_works=yes
lt_cv_prog_compiler_rtti_exceptions=no
lt_cv_prog_compiler_static_works=no
lt_cv_prog_gnu_ld=no
lt_cv_sys_global_symbol_pipe='sed -n -e '\''s/^.*[	 ]\([BCDEGRST][BCDEGRST]*\)[	 ][	 ]*_\([_A-Za-z][_A-Za-z0-9]*\)$/\1 _\2 \2/p'\'''
lt_cv_sys_global_symbol_to_c_name_address='sed -n -e '\''s/^: \([^ ]*\) $/  {\"\1\", (void *) 0},/p'\'' -e '\''s/^[BCDEGRST]* \([^ ]*\) \([^ ]*\)$/  {"\2", (void *) \&\2},/p'\'''
lt_cv_sys_global_symbol_to_c_name_address_lib_prefix='sed -n -e '\''s/^: \([^ ]*\) $/  {\"\1\", (void *) 0},/p'\'' -e '\''s/^[BCDEGRST]* \([^ ]*\) \(lib[^ ]*\)$/  {"\2", (void *) \&\2},/p'\'' -e '\''s/^[BCDEGRST]* \([^ ]*\) \([^ ]*\)$/  {"lib\2", (void *) \&\2},/p'\'''
lt_cv_sys_global_symbol_to_cdecl='sed -n -e '\''s/^T .* \(.*\)$/extern int \1();/p'\'' -e '\''s/^[BCDEGRST]* .* \(.*\)$/extern char \1;/p'\'''
lt_cv_sys_max_cmd_len=196608

## ----------------- ##
## Output variables. ##
## ----------------- ##

ACLOCAL='${SHELL} /Users/sarvesh/Downloads/httperf/httperf/missing --run aclocal-1.10'
ALLOCA=''
AMDEPBACKSLASH='\'
AMDEP_FALSE='#'
AMDEP_TRUE=''
AMTAR='${SHELL} /Users/sarvesh/Downloads/httperf/httperf/missing --run tar'
AR='ar'
AUTOCONF='${SHELL} /Users/sarvesh/Downloads/httperf/httperf/missing --run autoconf'
AUTOHEADER='${SHELL} /Users/sarvesh/Downloads/httperf/httperf/missing --run autoheader'
AUTOMAKE='${SHELL} /Users/sarvesh/Downloads/httperf/httperf/missing --run automake-1.10'
AWK='awk'
CC='cc -std=gnu99'
CCDEPMODE='depmode=gcc3'
CFLAGS='-g -O2 -DHAVE_SSL'
CPP='cc -std=gnu99 -E'
CPPFLAGS=''
CYGPATH_W='echo'
DEFS='-DHAVE_CONFIG_H'
DEPDIR='.deps'
DSYMUTIL='dsymutil'
DUMPBIN=''
ECHO_C=''
ECHO_N='-n'
ECHO_T=''
EGREP='/usr/bin/grep -E'
EXEEXT=''
FGREP='/usr/bin/grep -F'
GREP='/usr/bin/grep'
IDLECONN_FALSE=''
IDLECONN_TRUE='#'
INSTALL_DATA='${INSTALL} -m 644'
INSTALL_PROGRAM='${INSTALL}'
INSTALL_SCRIPT='${INSTALL}'
INSTALL_STRIP_PROGRAM='$(install_sh) -c -s'
LD='/usr/llvm-gcc-4.2/libexec/gcc/i686-apple-darwin11/4.2.1/ld'
LDFLAGS=''
LIBOBJS=''
LIBS='-levent -lssl -lcrypto -lm '
LIBTOOL='$(SHELL) $(top_builddir)/libtool'
LIPO='lipo'
LN_S='ln -s'
LTLIBOBJS=''
MAKEINFO='${SHELL} /Users/sarvesh/Downloads/httperf/httperf/missing --run makeinfo'
NM='/usr/bin/nm'
NMEDIT='nmedit'
OBJDUMP='false'
OBJEXT='o'
OTOOL64=':'
OTOOL='otool'
PACKAGE='httperf'
PACKAGE_BUGREPORT='httperf@linux.hpl.hp.com'
PACKAGE_NAME='httperf'
PACKAGE_STRING='httperf 0.9.1'
PACKAGE_TARNAME='httperf'
PACKAGE_VERSION='0.9.1'
PATH_SEPARATOR=':'
POW_LIB=''
RANLIB='ranlib'
SED='/usr/bin/sed'
SET_MAKE=''
SHELL='/bin/sh'
STRIP='strip'
VERSION='0.9.1'
ac_ct_CC='cc'
ac_ct_DUMPBIN=''
am__fastdepCC_FALSE='#'
am__fastdepCC_TRUE=''
am__include='include'
am__isrc=''
am__leading_dot='.'
am__quote=''
am__tar='${AMTAR} chof - "$$tardir"'
am__untar='${AMTAR} xf -'
bindir='${exec_prefix}/bin'
build='i386-apple-darwin11.4.2'
build_alias=''
build_cpu='i386'
build_os='darwin11.4.2'
build_vendor='apple'
datadir='${datarootdir}'
datarootdir='${prefix}/share'
docdir='${datarootdir}/doc/${PACKAGE_TARNAME}'
dvidir='${docdir}'
exec_prefix='${prefix}'
host='i386-apple-darwin11.4.2'
host_alias=''
host_cpu='i386'
host_os='darwin11.4.2'
host_vendor='apple'
htmldir='${docdir}'
includedir='${prefix}/include'
infodir='${datarootdir}/info'
install_sh='$(SHELL) /Users/sarvesh/Downloads/httperf/httperf/install-sh'
libdir='${exec_prefix}/lib'
libexecdir='${exec_prefix}/libexec'
localedir='${datarootdir}/locale'
localstatedir='${prefix}/var'
mandir='${datarootdir}/man'
mkdir_p='$(top_builddir)/./install-sh -c -d'
oldincludedir='/usr/include'
pdfdir='${docdir}'
prefix='/usr/local'
program_transform_name='s,x,x,'
psdir='${docdir}'
sbindir='${exec_prefix}/sbin'
sharedstatedir='${prefix}/com'
sysconfdir='${prefix}/etc'
target='i386-apple-darwin11.4.2'
target_alias=''
target_cpu='i386'
target_os='darwin11.4.2'
target_vendor='apple'

## ----------- ##
## confdefs.h. ##
## ----------- ##

#define PACKAGE_NAME "httperf"
#define PACKAGE_TARNAME "httperf"
#define PACKAGE_VERSION "0.9.1"
#define PACKAGE_STRING "httperf 0.9.1"
#define PACKAGE_BUGREPORT "httperf@linux.hpl.hp.com"
#define PACKAGE "httperf"
#define VERSION "0.9.1"
#define _GNU_SOURCE 1
#define STDC_HEADERS 1
#define HAVE_SYS_TYPES_H 1
#define HAVE_SYS_STAT_H 1
#define HAVE_STDLIB_H 1
#define HAVE_STRING_H 1
#define HAVE_MEMORY_H 1
#define HAVE_STRINGS_H 1
#define HAVE_INTTYPES_H 1
#define HAVE_STDINT_H 1
#define HAVE_UNISTD_H 1
#define HAVE_DLFCN_H 1
#define LT_OBJDIR ".libs/"
#define HAVE_LIBM 1
#define HAVE_LIBCRYPTO 1
#define HAVE_LIBSSL 1
#define HAVE_LIBEVENT 1
#define HAVE_ALLOCA_H 1
#define HAVE_ALLOCA 1
#define TIME_WITH_SYS_TIME 1
#define HAVE_OPENSSL_SSL_H 1
#define HAVE_GETOPT_H 1
#define HAVE_UNSIGNED_LONG_LONG_INT 1
#define u_wide unsigned long long
#define HAVE_STDLIB_H 1
#define HAVE_UNISTD_H 1
#define HAVE_GETPAGESIZE 1
#define HAVE_MMAP 1
#define HAVE_SYS_SELECT_H 1
#define HAVE_SYS_SOCKET_H 1
#define SELECT_TYPE_ARG1 int
#define SELECT_TYPE_ARG234 (fd_set *)
#define SELECT_TYPE_ARG5 (struct timeval *)
#define RETSIGTYPE void
#define HAVE_VPRINTF 1
#define HAVE_GETOPT_LONG 1

configure: exit 0
